Build started 23/01/2015 03:04:45.
     1>Project "c:\Users\yanivg\documents\visual studio 2013\Projects\DMCPPE\DMCPPE\DMCPPE.vcxproj" on node 2 (Rebuild target(s)).
     1>ClCompile:
         C:\Program Files (x86)\Microsoft Visual Studio 12.0\VC\bin\CL.exe /c /Zi /nologo /W3 /WX- /sdl /O2 /Oi /Oy- /GL /D WIN32 /D NDEBUG /D _CONSOLE /D _LIB /D _UNICODE /D UNICODE /Gm- /EHsc /MD /GS /Gy /fp:precise /Zc:wchar_t /Zc:forScope /Yc"stdafx.h" /Fp"Release\DMCPPE.pch" /Fo"Release\\" /Fd"Release\vc120.pdb" /Gd /TP /analyze- /errorReport:prompt stdafx.cpp
         stdafx.cpp
         C:\Program Files (x86)\Microsoft Visual Studio 12.0\VC\bin\CL.exe /c /Zi /nologo /W3 /WX- /sdl /O2 /Oi /Oy- /GL /D WIN32 /D NDEBUG /D _CONSOLE /D _LIB /D _UNICODE /D UNICODE /Gm- /EHsc /MD /GS /Gy /fp:precise /Zc:wchar_t /Zc:forScope /Yu"stdafx.h" /Fp"Release\DMCPPE.pch" /Fo"Release\\" /Fd"Release\vc120.pdb" /Gd /TP /analyze- /errorReport:prompt DMCPPE.cpp
         DMCPPE.cpp
     1>DMCPPE.cpp(80): warning C4305: '*=' : truncation from 'double' to 'float'
     1>DMCPPE.cpp(81): warning C4305: '*=' : truncation from 'double' to 'float'
     1>DMCPPE.cpp(63): warning C4101: 'tmp' : unreferenced local variable
     1>DMCPPE.cpp(106): warning C4018: '<' : signed/unsigned mismatch
     1>DMCPPE.cpp(126): warning C4018: '<' : signed/unsigned mismatch
     1>DMCPPE.cpp(139): warning C4244: 'initializing' : conversion from 'double' to 'float', possible loss of data
     1>DMCPPE.cpp(143): warning C4244: '=' : conversion from 'double' to 'float', possible loss of data
     1>DMCPPE.cpp(152): warning C4018: '<' : signed/unsigned mismatch
     1>DMCPPE.cpp(165): warning C4244: 'initializing' : conversion from 'double' to 'float', possible loss of data
     1>DMCPPE.cpp(169): warning C4244: '=' : conversion from 'double' to 'float', possible loss of data
     1>DMCPPE.cpp(96): warning C4101: 'tmp' : unreferenced local variable
     1>DMCPPE.cpp(181): warning C4244: 'initializing' : conversion from 'double' to 'float', possible loss of data
     1>DMCPPE.cpp(196): warning C4244: '=' : conversion from 'int' to 'float', possible loss of data
     1>DMCPPE.cpp(267): warning C4018: '<' : signed/unsigned mismatch
     1>DMCPPE.cpp(272): warning C4244: 'return' : conversion from 'int' to 'float', possible loss of data
       Link:
         C:\Program Files (x86)\Microsoft Visual Studio 12.0\VC\bin\link.exe /ERRORREPORT:PROMPT /OUT:"c:\users\yanivg\documents\visual studio 2013\Projects\DMCPPE\Release\DMCPPE.exe" /INCREMENTAL:NO /NOLOGO kernel32.lib user32.lib gdi32.lib winspool.lib comdlg32.lib advapi32.lib shell32.lib ole32.lib oleaut32.lib uuid.lib odbc32.lib odbccp32.lib /MANIFEST /MANIFESTUAC:"level='asInvoker' uiAccess='false'" /manifest:embed /DEBUG /PDB:"c:\users\yanivg\documents\visual studio 2013\Projects\DMCPPE\Release\DMCPPE.pdb" /SUBSYSTEM:CONSOLE /OPT:REF /OPT:ICF /LTCG /TLBID:1 /DYNAMICBASE /NXCOMPAT /IMPLIB:"c:\users\yanivg\documents\visual studio 2013\Projects\DMCPPE\Release\DMCPPE.lib" /MACHINE:X86 /SAFESEH Release\DMCPPE.obj
         Release\stdafx.obj
         Generating code
         Finished generating code
         DMCPPE.vcxproj -> c:\users\yanivg\documents\visual studio 2013\Projects\DMCPPE\Release\DMCPPE.exe
     1>Done Building Project "c:\Users\yanivg\documents\visual studio 2013\Projects\DMCPPE\DMCPPE\DMCPPE.vcxproj" (Rebuild target(s)).

Build succeeded.

Time Elapsed 00:00:07.09
